timestamp: 2012-08-30T16:04:21.550000
CREATE TABLE auth_user(
    id INTEGER PRIMARY KEY AUTOINCREMENT,
    first_name CHAR(128),
    last_name CHAR(128),
    email CHAR(512),
    password CHAR(512),
    registration_key CHAR(512),
    reset_password_key CHAR(512),
    registration_id CHAR(512)
);
success!
timestamp: 2012-08-30T16:04:21.682000
CREATE TABLE auth_group(
    id INTEGER PRIMARY KEY AUTOINCREMENT,
    role CHAR(512),
    description TEXT
);
success!
timestamp: 2012-08-30T16:04:21.737000
CREATE TABLE auth_membership(
    id INTEGER PRIMARY KEY AUTOINCREMENT,
    user_id INTEGER REFERENCES auth_user(id) ON DELETE CASCADE,
    group_id INTEGER REFERENCES auth_group(id) ON DELETE CASCADE
);
success!
timestamp: 2012-08-30T16:04:21.847000
CREATE TABLE auth_permission(
    id INTEGER PRIMARY KEY AUTOINCREMENT,
    group_id INTEGER REFERENCES auth_group(id) ON DELETE CASCADE,
    name CHAR(512),
    table_name CHAR(512),
    record_id INTEGER
);
success!
timestamp: 2012-08-30T16:04:21.905000
CREATE TABLE auth_event(
    id INTEGER PRIMARY KEY AUTOINCREMENT,
    time_stamp TIMESTAMP,
    client_ip CHAR(512),
    user_id INTEGER REFERENCES auth_user(id) ON DELETE CASCADE,
    origin CHAR(512),
    description TEXT
);
success!
timestamp: 2012-08-30T16:04:21.957000
CREATE TABLE auth_cas(
    id INTEGER PRIMARY KEY AUTOINCREMENT,
    user_id INTEGER REFERENCES auth_user(id) ON DELETE CASCADE,
    created_on TIMESTAMP,
    service CHAR(512),
    ticket CHAR(512),
    renew CHAR(1)
);
success!
timestamp: 2012-08-30T16:04:22.044000
CREATE TABLE atracao(
    id INTEGER PRIMARY KEY AUTOINCREMENT,
    nome CHAR(512) NOT NULL UNIQUE,
    desc TEXT
);
success!
timestamp: 2012-08-30T16:04:22.407000
CREATE TABLE multimedia(
    id INTEGER PRIMARY KEY AUTOINCREMENT,
    atracao INTEGER REFERENCES atracao(id) ON DELETE CASCADE,
    src TEXT
);
success!
timestamp: 2012-08-30T16:04:22.497000
CREATE TABLE comment(
    id INTEGER PRIMARY KEY AUTOINCREMENT,
    body TEXT NOT NULL,
    posted_on TIMESTAMP,
    posted_by INTEGER REFERENCES auth_user(id) ON DELETE CASCADE
);
success!
